<?xml version="1.0" encoding="UTF-8"?>
<testng-results ignored="0" total="1" passed="1" failed="0" skipped="0">
  <reporter-output>
  </reporter-output>
  <suite started-at="2023-11-20T17:54:35 IST" name="Data Driven Basics" finished-at="2023-11-20T17:54:42 IST" duration-ms="7002">
    <groups>
    </groups>
    <test started-at="2023-11-20T17:54:35 IST" name="Login" finished-at="2023-11-20T17:54:42 IST" duration-ms="7002">
      <class name="com.datadrivendemo.DataDrivenLogin">
        <test-method signature="Launchsite()[pri:0, instance:com.datadrivendemo.DataDrivenLogin@75390459]" started-at="2023-11-20T17:54:35 IST" name="Launchsite" finished-at="2023-11-20T17:54:42 IST" duration-ms="6963" status="PASS">
          <reporter-output>
          </reporter-output>
        </test-method> <!-- Launchsite -->
      </class> <!-- com.datadrivendemo.DataDrivenLogin -->
    </test> <!-- Login -->
  </suite> <!-- Data Driven Basics -->
</testng-results>
